<?xml version='1.0' encoding='UTF-8'?><peci:Workers_Effective_Stack xmlns:peci="urn:com.workday/peci"><peci:Summary>
    <peci:Integration_Event>94a24a0a7beb01cd38fb94b1ec05a310</peci:Integration_Event>
    <peci:Integration_Sent_On>20092018-T02:54:23</peci:Integration_Sent_On>
    <peci:Payroll_Company_ID>PY_Arriva_Rail_North</peci:Payroll_Company_ID>
    <peci:Payroll_Company_Name>Arriva Rail North</peci:Payroll_Company_Name>
    <peci:Payroll_Company_Code>ARN</peci:Payroll_Company_Code>
    <peci:Pay_Group_ID>ARN_0G1_4W_T_GBR</peci:Pay_Group_ID>
    <peci:Pay_Group_Name>West 4-Weekly</peci:Pay_Group_Name>
    <peci:Pay_Group_Country>GBR</peci:Pay_Group_Country>
    <peci:Pay_Group_Code>ARN_0G1_4W_T_GBR</peci:Pay_Group_Code>
    <peci:Pay_Period_Start>02092018</peci:Pay_Period_Start>
    <peci:Pay_Period_End>29092018</peci:Pay_Period_End>
    <peci:Updated_From>16092018-T18:30:23</peci:Updated_From>
    <peci:Updated_To>20092018-T02:54:23</peci:Updated_To>
    <peci:Effective_From>02092018</peci:Effective_From>
    <peci:Effective_To>29092018</peci:Effective_To>
    <peci:Change_Detection>Include only changes entered since the last successful run.</peci:Change_Detection>
    <peci:First_Primary_Run_of_Pay_Period>0</peci:First_Primary_Run_of_Pay_Period>
    <peci:Ad_Hoc_Run>1</peci:Ad_Hoc_Run>
    <peci:Full_Snapshot>0</peci:Full_Snapshot>
    <peci:Worker_Count>14</peci:Worker_Count>
    <peci:Version>1</peci:Version>
    
</peci:Summary><peci:Worker><peci:Worker_Summary><peci:WID>f2cdf519bece017ad6cb44fd66434d9b</peci:WID><peci:Employee_ID>122431</peci:Employee_ID><peci:Name>Mr Adam James Beckett</peci:Name></peci:Worker_Summary><peci:Effective_Change peci:Sequence="0"><peci:Derived_Event_Code>DTA</peci:Derived_Event_Code><peci:Effective_Moment>06082018-T00:00:00</peci:Effective_Moment><peci:Entry_Moment>17092018-T07:49:04</peci:Entry_Moment><peci:Person_Identification><peci:National_Identifier><peci:National_ID>JJ 87 75 51 D</peci:National_ID><peci:National_ID_Type>NI Number</peci:National_ID_Type></peci:National_Identifier><peci:Other_Identifier><peci:Custom_ID>15933</peci:Custom_ID><peci:Custom_ID_Type>UK_ARN_Arriva_Rail_North</peci:Custom_ID_Type></peci:Other_Identifier></peci:Person_Identification><peci:Position peci:isUpdated="1"><peci:Position_ID>P-122431</peci:Position_ID><peci:Business_Title>Driver Victoria</peci:Business_Title><peci:Worker_Type>EMP1_Standard</peci:Worker_Type><peci:Position_Time_Type>Full_time</peci:Position_Time_Type><peci:Scheduled_Weekly_Hours peci:priorValue="35">24</peci:Scheduled_Weekly_Hours><peci:Default_Weekly_Hours>35</peci:Default_Weekly_Hours><peci:Job_Family><peci:ID>Train Operations</peci:ID><peci:Name>Train Operations</peci:Name></peci:Job_Family><peci:Business_Site><peci:Location_ID>LOC_GBR_0512</peci:Location_ID><peci:Location_Name>Manchester Victoria</peci:Location_Name><peci:Postal_Code>M3 1WY</peci:Postal_Code></peci:Business_Site><peci:Organization><peci:Organization_ID>C_613</peci:Organization_ID><peci:Organization_Type>Company</peci:Organization_Type><peci:Organization_Code>C_613</peci:Organization_Code><peci:Organization_Name>Arriva Rail North Limited</peci:Organization_Name></peci:Organization><peci:Organization><peci:Organization_ID>CC_ 643420</peci:Organization_ID><peci:Organization_Type>Cost Center</peci:Organization_Type><peci:Organization_Code>643420</peci:Organization_Code><peci:Organization_Name>Manchester Victoria</peci:Organization_Name></peci:Organization><peci:Organization><peci:Organization_ID>SUP_W2_276</peci:Organization_ID><peci:Organization_Type>Supervisory</peci:Organization_Type><peci:Organization_Name>ARN - Central - Head of Trains and Stations - Drivers - Manchester Victoria - Victoria</peci:Organization_Name></peci:Organization><ptdf:Step_Name_Ref_ID xmlns:ptdf="urn:com.workday/peci/tdf">Driver_West_ARN</ptdf:Step_Name_Ref_ID><ptdf:Grade_Profile_ID xmlns:ptdf="urn:com.workday/peci/tdf">CGP_Drivers_West</ptdf:Grade_Profile_ID></peci:Position><peci:Compensation peci:isUpdated="1"><peci:Position_ID>P-122431</peci:Position_ID><ptdf:Total_Base_Pay_Annual_with_FTE xmlns:ptdf="urn:com.workday/peci/tdf" peci:priorValue="46158">67313.75</ptdf:Total_Base_Pay_Annual_with_FTE></peci:Compensation></peci:Effective_Change></peci:Worker><peci:Worker><peci:Worker_Summary><peci:WID>f2cdf519bece011b48a3360e6743f5e9</peci:WID><peci:Employee_ID>124184</peci:Employee_ID><peci:Name>Mrs Beckie Green</peci:Name></peci:Worker_Summary><peci:Effective_Change peci:Sequence="0"><peci:Derived_Event_Code>DTA</peci:Derived_Event_Code><peci:Effective_Moment>10082018-T00:00:00</peci:Effective_Moment><peci:Entry_Moment>19092018-T02:19:19</peci:Entry_Moment><peci:Person_Identification><peci:National_Identifier><peci:National_ID>JW 27 07 71 D</peci:National_ID><peci:National_ID_Type>NI Number</peci:National_ID_Type></peci:National_Identifier><peci:Other_Identifier><peci:Custom_ID>18460</peci:Custom_ID><peci:Custom_ID_Type>UK_ARN_Arriva_Rail_North</peci:Custom_ID_Type></peci:Other_Identifier></peci:Person_Identification><peci:Compensation><peci:Position_ID>P-124184</peci:Position_ID><ptdf:Total_Base_Pay_Annual_with_FTE xmlns:ptdf="urn:com.workday/peci/tdf">18989</ptdf:Total_Base_Pay_Annual_with_FTE></peci:Compensation><peci:Compensation_Plans peci:isUpdated="1"><peci:Position_ID>P-124184</peci:Position_ID><peci:Allowance_Plan peci:isUpdated="1"><peci:Compensation_Plan>W2_Irregular/Unusual_Pattern_9.4%</peci:Compensation_Plan><peci:Amount>1</peci:Amount><peci:Frequency>Four_Weekly</peci:Frequency><peci:Apply_FTE>0</peci:Apply_FTE><peci:Start_Date>27042018</peci:Start_Date><peci:End_Date peci:isAdded="1">09082018</peci:End_Date></peci:Allowance_Plan><peci:Salary_and_Hourly_Plan><peci:Compensation_Plan>Salary_Plan</peci:Compensation_Plan><peci:Amount>18989</peci:Amount><peci:Apply_FTE>0</peci:Apply_FTE><peci:Frequency>Annual</peci:Frequency><peci:Start_Date>27032018</peci:Start_Date></peci:Salary_and_Hourly_Plan></peci:Compensation_Plans></peci:Effective_Change><peci:Effective_Change peci:Sequence="1"><peci:Derived_Event_Code>DTA</peci:Derived_Event_Code><peci:Effective_Moment>11082018-T00:00:00</peci:Effective_Moment><peci:Entry_Moment>19092018-T02:21:21</peci:Entry_Moment><peci:Person_Identification><peci:National_Identifier><peci:National_ID>JW 27 07 71 D</peci:National_ID><peci:National_ID_Type>NI Number</peci:National_ID_Type></peci:National_Identifier><peci:Other_Identifier><peci:Custom_ID>18460</peci:Custom_ID><peci:Custom_ID_Type>UK_ARN_Arriva_Rail_North</peci:Custom_ID_Type></peci:Other_Identifier></peci:Person_Identification><peci:Compensation><peci:Position_ID>P-124184</peci:Position_ID><ptdf:Total_Base_Pay_Annual_with_FTE xmlns:ptdf="urn:com.workday/peci/tdf">18989</ptdf:Total_Base_Pay_Annual_with_FTE></peci:Compensation><peci:Compensation_Plans peci:isUpdated="1"><peci:Position_ID>P-124184</peci:Position_ID><peci:Allowance_Plan peci:isAdded="1"><peci:Compensation_Plan>Aggregation_Allowance_Percent</peci:Compensation_Plan><peci:Amount>250</peci:Amount><peci:Frequency>Four_Weekly</peci:Frequency><peci:Start_Date>11082018</peci:Start_Date></peci:Allowance_Plan><peci:Salary_and_Hourly_Plan><peci:Compensation_Plan>Salary_Plan</peci:Compensation_Plan><peci:Amount>18989</peci:Amount><peci:Apply_FTE>0</peci:Apply_FTE><peci:Frequency>Annual</peci:Frequency><peci:Start_Date>27032018</peci:Start_Date></peci:Salary_and_Hourly_Plan></peci:Compensation_Plans><peci:Compensation_Earnings_and_Deductions peci:isUpdated="1"><peci:External_Payroll_Code_Name>Aggregation Allowance % (2010)</peci:External_Payroll_Code_Name><peci:External_Payroll_Code>2010</peci:External_Payroll_Code><peci:Amount peci:priorValue="0">250</peci:Amount><peci:Frequency>Four_Weekly</peci:Frequency></peci:Compensation_Earnings_and_Deductions></peci:Effective_Change></peci:Worker><peci:Worker><peci:Worker_Summary><peci:WID>f2cdf519bece014947932e10674374f2</peci:WID><peci:Employee_ID>124378</peci:Employee_ID><peci:Name>Mr Jonathan David Hardcastle</peci:Name></peci:Worker_Summary><peci:Effective_Change peci:Sequence="0"><peci:Derived_Event_Code>DTA</peci:Derived_Event_Code><peci:Effective_Moment>20082018-T00:00:00</peci:Effective_Moment><peci:Entry_Moment>19092018-T01:51:21</peci:Entry_Moment><peci:Person_Identification><peci:National_Identifier><peci:National_ID>WK 46 68 13 A</peci:National_ID><peci:National_ID_Type>NI Number</peci:National_ID_Type></peci:National_Identifier><peci:Other_Identifier><peci:Custom_ID>15015</peci:Custom_ID><peci:Custom_ID_Type>UK_ARN_Arriva_Rail_North</peci:Custom_ID_Type></peci:Other_Identifier></peci:Person_Identification><peci:Compensation><peci:Position_ID>P-124378</peci:Position_ID><ptdf:Total_Base_Pay_Annual_with_FTE xmlns:ptdf="urn:com.workday/peci/tdf">46158</ptdf:Total_Base_Pay_Annual_with_FTE></peci:Compensation><peci:Compensation_Plans peci:isUpdated="1"><peci:Position_ID>P-124378</peci:Position_ID><peci:Allowance_Plan peci:isUpdated="1"><peci:Compensation_Plan>W2_Oncall_Bronze_Allowance_1-7</peci:Compensation_Plan><peci:Amount>172.12</peci:Amount><peci:Frequency>Four_Weekly</peci:Frequency><peci:Apply_FTE>0</peci:Apply_FTE><peci:Start_Date>01042018</peci:Start_Date><peci:End_Date peci:isAdded="1">19082018</peci:End_Date></peci:Allowance_Plan><peci:Salary_and_Hourly_Plan><peci:Compensation_Plan>Salary_Plan</peci:Compensation_Plan><peci:Amount>46158</peci:Amount><peci:Apply_FTE>0</peci:Apply_FTE><peci:Frequency>Annual</peci:Frequency><peci:Start_Date>03052009</peci:Start_Date></peci:Salary_and_Hourly_Plan></peci:Compensation_Plans><peci:Compensation_Earnings_and_Deductions peci:isUpdated="1"><peci:External_Payroll_Code_Name>Oncall - Bronze Allowance 1-7</peci:External_Payroll_Code_Name><peci:External_Payroll_Code>2605</peci:External_Payroll_Code><peci:Amount peci:priorValue="172.12">0</peci:Amount><peci:Frequency>Four_Weekly</peci:Frequency></peci:Compensation_Earnings_and_Deductions></peci:Effective_Change><peci:Effective_Change peci:Sequence="1"><peci:Derived_Event_Code>DTA</peci:Derived_Event_Code><peci:Effective_Moment>21082018-T00:00:00</peci:Effective_Moment><peci:Entry_Moment>19092018-T01:52:17</peci:Entry_Moment><peci:Person_Identification><peci:National_Identifier><peci:National_ID>WK 46 68 13 A</peci:National_ID><peci:National_ID_Type>NI Number</peci:National_ID_Type></peci:National_Identifier><peci:Other_Identifier><peci:Custom_ID>15015</peci:Custom_ID><peci:Custom_ID_Type>UK_ARN_Arriva_Rail_North</peci:Custom_ID_Type></peci:Other_Identifier></peci:Person_Identification><peci:Compensation><peci:Position_ID>P-124378</peci:Position_ID><ptdf:Total_Base_Pay_Annual_with_FTE xmlns:ptdf="urn:com.workday/peci/tdf">46158</ptdf:Total_Base_Pay_Annual_with_FTE></peci:Compensation><peci:Compensation_Plans peci:isUpdated="1"><peci:Position_ID>P-124378</peci:Position_ID><peci:Allowance_Plan peci:isAdded="1"><peci:Compensation_Plan>W2_Oncall_Bronze_Allowance_1-6</peci:Compensation_Plan><peci:Amount>180</peci:Amount><peci:Frequency>Four_Weekly</peci:Frequency><peci:Start_Date>21082018</peci:Start_Date></peci:Allowance_Plan><peci:Salary_and_Hourly_Plan><peci:Compensation_Plan>Salary_Plan</peci:Compensation_Plan><peci:Amount>46158</peci:Amount><peci:Apply_FTE>0</peci:Apply_FTE><peci:Frequency>Annual</peci:Frequency><peci:Start_Date>03052009</peci:Start_Date></peci:Salary_and_Hourly_Plan></peci:Compensation_Plans><peci:Compensation_Earnings_and_Deductions peci:isUpdated="1"><peci:External_Payroll_Code_Name>Oncall - Bronze Allowance 1-6 (2604)</peci:External_Payroll_Code_Name><peci:External_Payroll_Code>2604</peci:External_Payroll_Code><peci:Amount peci:priorValue="0">180</peci:Amount><peci:Frequency>Four_Weekly</peci:Frequency></peci:Compensation_Earnings_and_Deductions></peci:Effective_Change></peci:Worker><peci:Worker><peci:Worker_Summary><peci:WID>f2cdf519bece01f5ffd1c512674378fe</peci:WID><peci:Employee_ID>124646</peci:Employee_ID><peci:Name>Mr Ian David Hogan</peci:Name></peci:Worker_Summary><peci:Effective_Change peci:Sequence="0"><peci:Derived_Event_Code>DTA</peci:Derived_Event_Code><peci:Effective_Moment>17092018-T08:52:33</peci:Effective_Moment><peci:Entry_Moment>17092018-T08:52:33</peci:Entry_Moment><peci:Person_Identification><peci:National_Identifier><peci:National_ID>WM 52 54 68 B</peci:National_ID><peci:National_ID_Type>NI Number</peci:National_ID_Type></peci:National_Identifier><peci:Other_Identifier><peci:Custom_ID>10454</peci:Custom_ID><peci:Custom_ID_Type>UK_ARN_Arriva_Rail_North</peci:Custom_ID_Type></peci:Other_Identifier></peci:Person_Identification><peci:Compensation><peci:Position_ID>P-124646</peci:Position_ID><ptdf:Total_Base_Pay_Annual_with_FTE xmlns:ptdf="urn:com.workday/peci/tdf">46158</ptdf:Total_Base_Pay_Annual_with_FTE></peci:Compensation><peci:Payment_Election peci:isDeleted="1"><peci:Bank_Account_Name>Mr I D Hogan</peci:Bank_Account_Name><peci:Account_Number>26755879</peci:Account_Number><peci:Account_Type>DDA</peci:Account_Type><peci:Bank_Name>ABBEY NATIONAL PLC</peci:Bank_Name><peci:Bank_ID>09-01-26</peci:Bank_ID></peci:Payment_Election><peci:Payment_Election peci:isAdded="1"><peci:Bank_Account_Name>Mr I D Hogan</peci:Bank_Account_Name><peci:Account_Number>99999999</peci:Account_Number><peci:Account_Type>DDA</peci:Account_Type><peci:Bank_Name>ABBEY NATIONAL PLC</peci:Bank_Name><peci:Bank_ID>01-01-01</peci:Bank_ID></peci:Payment_Election></peci:Effective_Change></peci:Worker><peci:Worker><peci:Worker_Summary><peci:WID>f2cdf519bece01e707310b136743ebff</peci:WID><peci:Employee_ID>124679</peci:Employee_ID><peci:Name>Mr Lee Raymond Holmes</peci:Name></peci:Worker_Summary><peci:Effective_Change peci:Sequence="0"><peci:Derived_Event_Code>DTA</peci:Derived_Event_Code><peci:Effective_Moment>06082018-T00:00:00</peci:Effective_Moment><peci:Entry_Moment>18092018-T05:52:32</peci:Entry_Moment><peci:Person_Identification><peci:National_Identifier><peci:National_ID>JW 78 49 90 C</peci:National_ID><peci:National_ID_Type>NI Number</peci:National_ID_Type></peci:National_Identifier><peci:Other_Identifier><peci:Custom_ID>17185</peci:Custom_ID><peci:Custom_ID_Type>UK_ARN_Arriva_Rail_North</peci:Custom_ID_Type></peci:Other_Identifier></peci:Person_Identification><peci:Position peci:isUpdated="1"><peci:Position_ID>P-124679</peci:Position_ID><peci:Business_Title>Driver Barrow</peci:Business_Title><peci:Worker_Type>EMP1_Standard</peci:Worker_Type><peci:Position_Time_Type>Full_time</peci:Position_Time_Type><peci:Scheduled_Weekly_Hours>35</peci:Scheduled_Weekly_Hours><peci:Default_Weekly_Hours>35</peci:Default_Weekly_Hours><peci:Job_Family><peci:ID>Train Operations</peci:ID><peci:Name>Train Operations</peci:Name></peci:Job_Family><peci:Business_Site><peci:Location_ID>LOC_GBR_0422</peci:Location_ID><peci:Location_Name>Barrow</peci:Location_Name><peci:Postal_Code>LA14 5QZ</peci:Postal_Code></peci:Business_Site><peci:Organization><peci:Organization_ID>C_613</peci:Organization_ID><peci:Organization_Type>Company</peci:Organization_Type><peci:Organization_Code>C_613</peci:Organization_Code><peci:Organization_Name>Arriva Rail North Limited</peci:Organization_Name></peci:Organization><peci:Organization><peci:Organization_ID>CC_ 543010</peci:Organization_ID><peci:Organization_Type>Cost Center</peci:Organization_Type><peci:Organization_Code>543010</peci:Organization_Code><peci:Organization_Name>Barrow Drivers</peci:Organization_Name></peci:Organization><peci:Organization><peci:Organization_ID>SUP_W2_191</peci:Organization_ID><peci:Organization_Type>Supervisory</peci:Organization_Type><peci:Organization_Name>ARN - West - Head of Trains and Stations - Drivers - Barrow</peci:Organization_Name></peci:Organization><ptdf:Step_Name_Ref_ID xmlns:ptdf="urn:com.workday/peci/tdf" peci:priorValue="Qualified_Driver_Ex_TPE_West_ARN">Trainee_Driver_Ex_TPE_West_ARN</ptdf:Step_Name_Ref_ID><ptdf:Grade_Profile_ID xmlns:ptdf="urn:com.workday/peci/tdf">CGP_Drivers_West</ptdf:Grade_Profile_ID></peci:Position><peci:Compensation peci:isUpdated="1"><peci:Position_ID>P-124679</peci:Position_ID><ptdf:Total_Base_Pay_Annual_with_FTE xmlns:ptdf="urn:com.workday/peci/tdf" peci:priorValue="50141">21669.01</ptdf:Total_Base_Pay_Annual_with_FTE></peci:Compensation><peci:Compensation_Plans peci:isUpdated="1"><peci:Position_ID>P-124679</peci:Position_ID><peci:Salary_and_Hourly_Plan peci:isAdded="1"><peci:Compensation_Plan>Salary_Plan</peci:Compensation_Plan><peci:Amount>21669</peci:Amount><peci:Frequency>Annual</peci:Frequency><peci:Start_Date>06082018</peci:Start_Date></peci:Salary_and_Hourly_Plan><peci:Salary_and_Hourly_Plan peci:isUpdated="1"><peci:Compensation_Plan>Salary_Plan</peci:Compensation_Plan><peci:Amount>50141</peci:Amount><peci:Apply_FTE>0</peci:Apply_FTE><peci:Frequency>Annual</peci:Frequency><peci:Start_Date>12122004</peci:Start_Date><peci:End_Date peci:isAdded="1">05082018</peci:End_Date></peci:Salary_and_Hourly_Plan></peci:Compensation_Plans></peci:Effective_Change></peci:Worker><peci:Worker><peci:Worker_Summary><peci:WID>f2cdf519bece01bb1f869a146743d306</peci:WID><peci:Employee_ID>124838</peci:Employee_ID><peci:Name>Mr Joseph Christopher Ingham</peci:Name></peci:Worker_Summary><peci:Effective_Change peci:Sequence="0"><peci:Derived_Event_Code>TERM</peci:Derived_Event_Code><peci:Effective_Moment>18092018-T00:00:00</peci:Effective_Moment><peci:Entry_Moment>17092018-T08:48:06</peci:Entry_Moment><peci:Worker_Status peci:isUpdated="1"><peci:Status peci:priorValue="Active">Terminated</peci:Status><peci:Active peci:priorValue="1">0</peci:Active><peci:Active_Status_Date peci:priorValue="04122011">18092018</peci:Active_Status_Date><peci:Terminated peci:priorValue="0">1</peci:Terminated><peci:Termination_Date peci:isAdded="1">17092018</peci:Termination_Date><peci:Hire_Date>04122011</peci:Hire_Date><peci:Original_Hire_Date>04122011</peci:Original_Hire_Date><peci:Hire_Reason>Hire_Employee_Hire</peci:Hire_Reason><peci:Continuous_Service_Date>04122011</peci:Continuous_Service_Date><peci:Pay_Through_Date peci:isAdded="1">17092018</peci:Pay_Through_Date><peci:Primary_Termination_Reason peci:isAdded="1">Terminate_Employee_Voluntary_Caring_responsibilities</peci:Primary_Termination_Reason><ptdf:Pay_Group xmlns:ptdf="urn:com.workday/peci/tdf" peci:isDeleted="1">ARN_0G1_4W_T_GBR</ptdf:Pay_Group></peci:Worker_Status><peci:Personal><peci:Legal_Name><peci:First_Name>Joseph</peci:First_Name><peci:Middle_Name>Christopher</peci:Middle_Name><peci:Last_Name>Ingham</peci:Last_Name><peci:Title>Mr</peci:Title></peci:Legal_Name><peci:Gender>Male</peci:Gender><peci:Date_of_Birth>28111951</peci:Date_of_Birth><peci:Marital_Status>MS_Prefer_not_to_say</peci:Marital_Status></peci:Personal><peci:Person_Identification><peci:National_Identifier><peci:National_ID>YR 55 90 85 B</peci:National_ID><peci:National_ID_Type>NI Number</peci:National_ID_Type></peci:National_Identifier><peci:Other_Identifier><peci:Custom_ID>15609</peci:Custom_ID><peci:Custom_ID_Type>UK_ARN_Arriva_Rail_North</peci:Custom_ID_Type></peci:Other_Identifier></peci:Person_Identification><peci:Position peci:isUpdated="1"><peci:Position_ID>P-124838</peci:Position_ID><peci:Business_Title>TPO Piccadilly Days</peci:Business_Title><peci:Worker_Type>EMP1_Standard</peci:Worker_Type><peci:Position_Time_Type>Full_time</peci:Position_Time_Type><peci:Scheduled_Weekly_Hours>35</peci:Scheduled_Weekly_Hours><peci:Default_Weekly_Hours>35</peci:Default_Weekly_Hours><peci:Job_Family><peci:ID>On Board</peci:ID><peci:Name>On Board</peci:Name></peci:Job_Family><peci:Business_Site><peci:Location_ID>LOC_GBR_0137</peci:Location_ID><peci:Location_Name>Manchester Piccadilly</peci:Location_Name><peci:Postal_Code>M60 7RA</peci:Postal_Code></peci:Business_Site><peci:Position_End_Date peci:isAdded="1">18092018</peci:Position_End_Date><peci:Organization><peci:Organization_ID>C_613</peci:Organization_ID><peci:Organization_Type>Company</peci:Organization_Type><peci:Organization_Code>C_613</peci:Organization_Code><peci:Organization_Name>Arriva Rail North Limited</peci:Organization_Name></peci:Organization><peci:Organization><peci:Organization_ID>SUP_W2_391</peci:Organization_ID><peci:Organization_Type>Supervisory</peci:Organization_Type><peci:Organization_Name>ARN - Engineering - Train Presentation - Central</peci:Organization_Name></peci:Organization><peci:Organization><peci:Organization_ID>CC_ 344203</peci:Organization_ID><peci:Organization_Type>Cost Center</peci:Organization_Type><peci:Organization_Code>344203</peci:Organization_Code><peci:Organization_Name>Piccadilly Cleaners</peci:Organization_Name></peci:Organization><ptdf:Step_Name_Ref_ID xmlns:ptdf="urn:com.workday/peci/tdf">Train_Presentation_Operative_East_ARN</ptdf:Step_Name_Ref_ID><ptdf:Grade_Profile_ID xmlns:ptdf="urn:com.workday/peci/tdf">CGP_Services_Team_East</ptdf:Grade_Profile_ID></peci:Position><peci:Compensation peci:isUpdated="1"><peci:Position_ID>P-124838</peci:Position_ID><peci:Position_End_Date peci:isAdded="1">18092018</peci:Position_End_Date><ptdf:Total_Base_Pay_Annual_with_FTE xmlns:ptdf="urn:com.workday/peci/tdf">16964</ptdf:Total_Base_Pay_Annual_with_FTE></peci:Compensation><peci:Compensation_Plans peci:isUpdated="1"><peci:Position_ID>P-124838</peci:Position_ID><peci:Position_End_Date peci:isAdded="1">18092018</peci:Position_End_Date><peci:Allowance_Plan><peci:Compensation_Plan>Shift_Allowance_4_Weekly</peci:Compensation_Plan><peci:Amount>109.2</peci:Amount><peci:Frequency>Four_Weekly</peci:Frequency><peci:Apply_FTE>0</peci:Apply_FTE><peci:Start_Date>02042017</peci:Start_Date></peci:Allowance_Plan><peci:Salary_and_Hourly_Plan><peci:Compensation_Plan>Salary_Plan</peci:Compensation_Plan><peci:Amount>16964</peci:Amount><peci:Apply_FTE>0</peci:Apply_FTE><peci:Frequency>Annual</peci:Frequency><peci:Start_Date>10062018</peci:Start_Date></peci:Salary_and_Hourly_Plan></peci:Compensation_Plans></peci:Effective_Change></peci:Worker><peci:Worker><peci:Worker_Summary><peci:WID>f2cdf519bece0113c6c83e1767434013</peci:WID><peci:Employee_ID>125117</peci:Employee_ID><peci:Name>Mr Andrew Ian Kidd</peci:Name></peci:Worker_Summary><peci:Effective_Change peci:Sequence="0"><peci:Derived_Event_Code>TERM</peci:Derived_Event_Code><peci:Effective_Moment>01082018-T00:00:00</peci:Effective_Moment><peci:Entry_Moment>17092018-T08:38:25</peci:Entry_Moment><peci:Worker_Status peci:isUpdated="1"><peci:Status peci:priorValue="Active">Terminated</peci:Status><peci:Active peci:priorValue="1">0</peci:Active><peci:Active_Status_Date peci:priorValue="30102016">01082018</peci:Active_Status_Date><peci:Terminated peci:priorValue="0">1</peci:Terminated><peci:Termination_Date peci:isAdded="1">31072018</peci:Termination_Date><peci:Hire_Date>30102016</peci:Hire_Date><peci:Original_Hire_Date>30102016</peci:Original_Hire_Date><peci:Hire_Reason>Hire_Employee_Hire</peci:Hire_Reason><peci:Continuous_Service_Date>30102016</peci:Continuous_Service_Date><peci:Pay_Through_Date peci:isAdded="1">31072018</peci:Pay_Through_Date><peci:Primary_Termination_Reason peci:isAdded="1">Terminate_Employee_Involuntary_Capability</peci:Primary_Termination_Reason><ptdf:Pay_Group xmlns:ptdf="urn:com.workday/peci/tdf" peci:isDeleted="1">ARN_0G1_4W_T_GBR</ptdf:Pay_Group></peci:Worker_Status><peci:Personal><peci:Legal_Name><peci:First_Name>Andrew</peci:First_Name><peci:Middle_Name>Ian</peci:Middle_Name><peci:Last_Name>Kidd</peci:Last_Name><peci:Title>Mr</peci:Title></peci:Legal_Name><peci:Gender>Male</peci:Gender><peci:Date_of_Birth>07051981</peci:Date_of_Birth><peci:Marital_Status>MS_Prefer_not_to_say</peci:Marital_Status></peci:Personal><peci:Person_Identification><peci:National_Identifier><peci:National_ID>JS 83 28 76 A</peci:National_ID><peci:National_ID_Type>NI Number</peci:National_ID_Type></peci:National_Identifier><peci:Other_Identifier><peci:Custom_ID>17724</peci:Custom_ID><peci:Custom_ID_Type>UK_ARN_Arriva_Rail_North</peci:Custom_ID_Type></peci:Other_Identifier></peci:Person_Identification><peci:Position peci:isUpdated="1"><peci:Position_ID>P-125117</peci:Position_ID><peci:Business_Title>Driver Blackburn</peci:Business_Title><peci:Worker_Type>EMP1_Standard</peci:Worker_Type><peci:Position_Time_Type>Full_time</peci:Position_Time_Type><peci:Scheduled_Weekly_Hours>35</peci:Scheduled_Weekly_Hours><peci:Default_Weekly_Hours>35</peci:Default_Weekly_Hours><peci:Job_Family><peci:ID>Train Operations</peci:ID><peci:Name>Train Operations</peci:Name></peci:Job_Family><peci:Business_Site><peci:Location_ID>LOC_GBR_0426</peci:Location_ID><peci:Location_Name>Blackburn</peci:Location_Name><peci:Postal_Code>BB1 1EX</peci:Postal_Code></peci:Business_Site><peci:Position_End_Date peci:isAdded="1">01082018</peci:Position_End_Date><peci:Organization><peci:Organization_ID>C_613</peci:Organization_ID><peci:Organization_Type>Company</peci:Organization_Type><peci:Organization_Code>C_613</peci:Organization_Code><peci:Organization_Name>Arriva Rail North Limited</peci:Organization_Name></peci:Organization><peci:Organization><peci:Organization_ID>SUP_W2_278</peci:Organization_ID><peci:Organization_Type>Supervisory</peci:Organization_Type><peci:Organization_Name>ARN - Central - Head of Trains and Stations - Drivers - Blackburn - Blackburn</peci:Organization_Name></peci:Organization><peci:Organization><peci:Organization_ID>CC_ 654435</peci:Organization_ID><peci:Organization_Type>Cost Center</peci:Organization_Type><peci:Organization_Code>654435</peci:Organization_Code><peci:Organization_Name>Blackburn Drivers</peci:Organization_Name></peci:Organization><ptdf:Step_Name_Ref_ID xmlns:ptdf="urn:com.workday/peci/tdf">Trainee_Driver_West_ARN</ptdf:Step_Name_Ref_ID><ptdf:Grade_Profile_ID xmlns:ptdf="urn:com.workday/peci/tdf">CGP_Drivers_West</ptdf:Grade_Profile_ID></peci:Position><peci:Compensation peci:isUpdated="1"><peci:Position_ID>P-125117</peci:Position_ID><peci:Position_End_Date peci:isAdded="1">01082018</peci:Position_End_Date><ptdf:Total_Base_Pay_Annual_with_FTE xmlns:ptdf="urn:com.workday/peci/tdf">38105.01</ptdf:Total_Base_Pay_Annual_with_FTE></peci:Compensation><peci:Compensation_Plans peci:isUpdated="1"><peci:Position_ID>P-125117</peci:Position_ID><peci:Position_End_Date peci:isAdded="1">01082018</peci:Position_End_Date><peci:Salary_and_Hourly_Plan><peci:Compensation_Plan>Salary_Plan</peci:Compensation_Plan><peci:Amount>38105</peci:Amount><peci:Apply_FTE>0</peci:Apply_FTE><peci:Frequency>Annual</peci:Frequency><peci:Start_Date>30102016</peci:Start_Date></peci:Salary_and_Hourly_Plan></peci:Compensation_Plans></peci:Effective_Change></peci:Worker><peci:Worker><peci:Worker_Summary><peci:WID>f2cdf519bece01607945681867434518</peci:WID><peci:Employee_ID>125228</peci:Employee_ID><peci:Name>Mr Kevin Edward Larkman</peci:Name></peci:Worker_Summary><peci:Effective_Change peci:Sequence="0"><peci:Derived_Event_Code>TERM</peci:Derived_Event_Code><peci:Effective_Moment>07082018-T00:00:00</peci:Effective_Moment><peci:Entry_Moment>17092018-T08:11:17</peci:Entry_Moment><peci:Worker_Status peci:isUpdated="1"><peci:Status peci:priorValue="Active">Terminated</peci:Status><peci:Active peci:priorValue="1">0</peci:Active><peci:Active_Status_Date peci:priorValue="24092001">07082018</peci:Active_Status_Date><peci:Terminated peci:priorValue="0">1</peci:Terminated><peci:Termination_Date peci:isAdded="1">06082018</peci:Termination_Date><peci:Hire_Date>24092001</peci:Hire_Date><peci:Original_Hire_Date>24092001</peci:Original_Hire_Date><peci:Hire_Reason>Hire_Employee_Hire</peci:Hire_Reason><peci:Continuous_Service_Date>24092001</peci:Continuous_Service_Date><peci:Pay_Through_Date peci:isAdded="1">06082018</peci:Pay_Through_Date><peci:Primary_Termination_Reason peci:isAdded="1">Terminate_Employee_Involuntary_AWOL</peci:Primary_Termination_Reason><ptdf:Pay_Group xmlns:ptdf="urn:com.workday/peci/tdf" peci:isDeleted="1">ARN_0G1_4W_T_GBR</ptdf:Pay_Group></peci:Worker_Status><peci:Personal><peci:Legal_Name><peci:First_Name>Kevin</peci:First_Name><peci:Middle_Name>Edward</peci:Middle_Name><peci:Last_Name>Larkman</peci:Last_Name><peci:Title>Mr</peci:Title></peci:Legal_Name><peci:Gender>Male</peci:Gender><peci:Date_of_Birth>12111960</peci:Date_of_Birth><peci:Marital_Status>MS_Prefer_not_to_say</peci:Marital_Status></peci:Personal><peci:Person_Identification><peci:National_Identifier><peci:National_ID>WL 85 13 11 C</peci:National_ID><peci:National_ID_Type>NI Number</peci:National_ID_Type></peci:National_Identifier><peci:Other_Identifier><peci:Custom_ID>12630</peci:Custom_ID><peci:Custom_ID_Type>UK_ARN_Arriva_Rail_North</peci:Custom_ID_Type></peci:Other_Identifier></peci:Person_Identification><peci:Position peci:isUpdated="1"><peci:Position_ID>P-125228</peci:Position_ID><peci:Business_Title>TRT Grade A</peci:Business_Title><peci:Worker_Type>EMP1_Standard</peci:Worker_Type><peci:Position_Time_Type>Full_time</peci:Position_Time_Type><peci:Scheduled_Weekly_Hours>35</peci:Scheduled_Weekly_Hours><peci:Default_Weekly_Hours>35</peci:Default_Weekly_Hours><peci:Job_Family><peci:ID>Train Operations</peci:ID><peci:Name>Train Operations</peci:Name></peci:Job_Family><peci:Business_Site><peci:Location_ID>LOC_GBR_0529</peci:Location_ID><peci:Location_Name>Newton Heath Train Depot</peci:Location_Name><peci:Postal_Code>M40 3AB</peci:Postal_Code></peci:Business_Site><peci:Position_End_Date peci:isAdded="1">07082018</peci:Position_End_Date><peci:Organization><peci:Organization_ID>C_613</peci:Organization_ID><peci:Organization_Type>Company</peci:Organization_Type><peci:Organization_Code>C_613</peci:Organization_Code><peci:Organization_Name>Arriva Rail North Limited</peci:Organization_Name></peci:Organization><peci:Organization><peci:Organization_ID>SUP_W2_377</peci:Organization_ID><peci:Organization_Type>Supervisory</peci:Organization_Type><peci:Organization_Name>ARN - Engineering - Fleet Production - Central - Depot Production - Movements and Triage</peci:Organization_Name></peci:Organization><peci:Organization><peci:Organization_ID>CC_ 343404</peci:Organization_ID><peci:Organization_Type>Cost Center</peci:Organization_Type><peci:Organization_Code>343404</peci:Organization_Code><peci:Organization_Name>NH Tech Response tea</peci:Organization_Name></peci:Organization><ptdf:Step_Name_Ref_ID xmlns:ptdf="urn:com.workday/peci/tdf">A_Shifts_West_ARN</ptdf:Step_Name_Ref_ID><ptdf:Grade_Profile_ID xmlns:ptdf="urn:com.workday/peci/tdf">CGP_Fleet_West</ptdf:Grade_Profile_ID></peci:Position><peci:Compensation peci:isUpdated="1"><peci:Position_ID>P-125228</peci:Position_ID><peci:Position_End_Date peci:isAdded="1">07082018</peci:Position_End_Date><ptdf:Total_Base_Pay_Annual_with_FTE xmlns:ptdf="urn:com.workday/peci/tdf">40391</ptdf:Total_Base_Pay_Annual_with_FTE></peci:Compensation><peci:Compensation_Plans peci:isUpdated="1"><peci:Position_ID>P-125228</peci:Position_ID><peci:Position_End_Date peci:isAdded="1">07082018</peci:Position_End_Date><peci:Salary_and_Hourly_Plan><peci:Compensation_Plan>Salary_Plan</peci:Compensation_Plan><peci:Amount>40391</peci:Amount><peci:Apply_FTE>0</peci:Apply_FTE><peci:Frequency>Annual</peci:Frequency><peci:Start_Date>10062018</peci:Start_Date></peci:Salary_and_Hourly_Plan></peci:Compensation_Plans></peci:Effective_Change></peci:Worker><peci:Worker><peci:Worker_Summary><peci:WID>f2cdf519bece01ae6062562167438242</peci:WID><peci:Employee_ID>126175</peci:Employee_ID><peci:Name>Mr Aaron James Owen</peci:Name></peci:Worker_Summary><peci:Effective_Change peci:Sequence="0"><peci:Derived_Event_Code>DTA</peci:Derived_Event_Code><peci:Effective_Moment>06082018-T00:00:00</peci:Effective_Moment><peci:Entry_Moment>17092018-T07:35:19</peci:Entry_Moment><peci:Person_Communication peci:isUpdated="1"><peci:Address peci:isUpdated="1"><peci:Address_Line_1 peci:priorValue="31 Cypress Road">New address</peci:Address_Line_1><peci:Address_Line_2 peci:priorValue="Winto, Eccles">address line 2</peci:Address_Line_2><peci:Address_Line_3 peci:isAdded="1">address line 3</peci:Address_Line_3><peci:City peci:priorValue="Manchester">london</peci:City><peci:Postal_Code>M30 8JX</peci:Postal_Code><peci:Country>GBR</peci:Country><peci:Country_Region peci:priorValue="Manchester">Surrey</peci:Country_Region></peci:Address></peci:Person_Communication><peci:Person_Identification><peci:National_Identifier><peci:National_ID>JW 23 95 97 B</peci:National_ID><peci:National_ID_Type>NI Number</peci:National_ID_Type></peci:National_Identifier><peci:Other_Identifier><peci:Custom_ID>17631</peci:Custom_ID><peci:Custom_ID_Type>UK_ARN_Arriva_Rail_North</peci:Custom_ID_Type></peci:Other_Identifier></peci:Person_Identification><peci:Compensation><peci:Position_ID>P-126175</peci:Position_ID><ptdf:Total_Base_Pay_Annual_with_FTE xmlns:ptdf="urn:com.workday/peci/tdf">38105.01</ptdf:Total_Base_Pay_Annual_with_FTE></peci:Compensation></peci:Effective_Change></peci:Worker><peci:Worker><peci:Worker_Summary><peci:WID>f2cdf519bece010585e65e2867437662</peci:WID><peci:Employee_ID>126899</peci:Employee_ID><peci:Name>Mr Adam Lee Sharp</peci:Name></peci:Worker_Summary><peci:Effective_Change peci:Sequence="0"><peci:Derived_Event_Code>DTA</peci:Derived_Event_Code><peci:Effective_Moment>06082018-T00:00:00</peci:Effective_Moment><peci:Entry_Moment>18092018-T06:14:21</peci:Entry_Moment><peci:Person_Identification><peci:National_Identifier><peci:National_ID>JR 80 15 29 B</peci:National_ID><peci:National_ID_Type>NI Number</peci:National_ID_Type></peci:National_Identifier><peci:Other_Identifier><peci:Custom_ID>14685</peci:Custom_ID><peci:Custom_ID_Type>UK_ARN_Arriva_Rail_North</peci:Custom_ID_Type></peci:Other_Identifier></peci:Person_Identification><peci:Position peci:isUpdated="1"><peci:Position_ID>P-126899</peci:Position_ID><peci:Business_Title>Conductor Victoria</peci:Business_Title><peci:Worker_Type>EMP1_Standard</peci:Worker_Type><peci:Position_Time_Type>Full_time</peci:Position_Time_Type><peci:Scheduled_Weekly_Hours>35</peci:Scheduled_Weekly_Hours><peci:Default_Weekly_Hours>35</peci:Default_Weekly_Hours><peci:Job_Family><peci:ID>Train Operations</peci:ID><peci:Name>Train Operations</peci:Name></peci:Job_Family><peci:Business_Site><peci:Location_ID>LOC_GBR_0512</peci:Location_ID><peci:Location_Name>Manchester Victoria</peci:Location_Name><peci:Postal_Code>M3 1WY</peci:Postal_Code></peci:Business_Site><peci:Organization><peci:Organization_ID>C_613</peci:Organization_ID><peci:Organization_Type>Company</peci:Organization_Type><peci:Organization_Code>C_613</peci:Organization_Code><peci:Organization_Name>Arriva Rail North Limited</peci:Organization_Name></peci:Organization><peci:Organization><peci:Organization_ID>CC_ 643210</peci:Organization_ID><peci:Organization_Type>Cost Center</peci:Organization_Type><peci:Organization_Code>643210</peci:Organization_Code><peci:Organization_Name>Manchester Victoria</peci:Organization_Name></peci:Organization><peci:Organization><peci:Organization_ID>SUP_W2_273</peci:Organization_ID><peci:Organization_Type>Supervisory</peci:Organization_Type><peci:Organization_Name>ARN - Central - Head of Trains and Stations - Conductors - Manchester Victoria - Man Vic</peci:Organization_Name></peci:Organization><ptdf:Step_Name_Ref_ID xmlns:ptdf="urn:com.workday/peci/tdf" peci:priorValue="Conductor_West_ARN">Conductor_Ex_TPE_West_ARN</ptdf:Step_Name_Ref_ID><ptdf:Grade_Profile_ID xmlns:ptdf="urn:com.workday/peci/tdf">CGP_Conductors_West</ptdf:Grade_Profile_ID></peci:Position><peci:Compensation peci:isUpdated="1"><peci:Position_ID>P-126899</peci:Position_ID><ptdf:Total_Base_Pay_Annual_with_FTE xmlns:ptdf="urn:com.workday/peci/tdf" peci:priorValue="27952">28537</ptdf:Total_Base_Pay_Annual_with_FTE></peci:Compensation><peci:Compensation_Plans peci:isUpdated="1"><peci:Position_ID>P-126899</peci:Position_ID><peci:Salary_and_Hourly_Plan peci:isAdded="1"><peci:Compensation_Plan>Salary_Plan</peci:Compensation_Plan><peci:Amount>28537</peci:Amount><peci:Frequency>Annual</peci:Frequency><peci:Start_Date>06082018</peci:Start_Date></peci:Salary_and_Hourly_Plan><peci:Salary_and_Hourly_Plan peci:isUpdated="1"><peci:Compensation_Plan>Salary_Plan</peci:Compensation_Plan><peci:Amount>27952</peci:Amount><peci:Apply_FTE>0</peci:Apply_FTE><peci:Frequency>Annual</peci:Frequency><peci:Start_Date>01092008</peci:Start_Date><peci:End_Date peci:isAdded="1">05082018</peci:End_Date></peci:Salary_and_Hourly_Plan></peci:Compensation_Plans></peci:Effective_Change></peci:Worker><peci:Worker><peci:Worker_Summary><peci:WID>f2cdf519bece010dfe0e062e67435a7c</peci:WID><peci:Employee_ID>127477</peci:Employee_ID><peci:Name>Mr Andrew Tonge</peci:Name></peci:Worker_Summary><peci:Effective_Change peci:Sequence="0"><peci:Derived_Event_Code>DTA</peci:Derived_Event_Code><peci:Effective_Moment>17092018-T07:53:49</peci:Effective_Moment><peci:Entry_Moment>17092018-T07:53:49</peci:Entry_Moment><peci:Person_Identification peci:isUpdated="1"><peci:National_Identifier peci:isUpdated="1"><peci:National_ID peci:priorValue="JK 26 01 96 A">SG 67 67 99 C</peci:National_ID><peci:National_ID_Type>NI Number</peci:National_ID_Type></peci:National_Identifier><peci:Other_Identifier><peci:Custom_ID>14321</peci:Custom_ID><peci:Custom_ID_Type>UK_ARN_Arriva_Rail_North</peci:Custom_ID_Type></peci:Other_Identifier></peci:Person_Identification><peci:Compensation><peci:Position_ID>P-127477</peci:Position_ID><ptdf:Total_Base_Pay_Annual_with_FTE xmlns:ptdf="urn:com.workday/peci/tdf">20207</ptdf:Total_Base_Pay_Annual_with_FTE></peci:Compensation></peci:Effective_Change></peci:Worker><peci:Worker><peci:Worker_Summary><peci:WID>94a24a0a7beb01c92bbbce040d05f205</peci:WID><peci:Employee_ID>177382</peci:Employee_ID><peci:Name>Current Hire</peci:Name></peci:Worker_Summary><peci:Effective_Change peci:Sequence="0"><peci:Derived_Event_Code>HIR</peci:Derived_Event_Code><peci:Effective_Moment>22082018-T00:00:00</peci:Effective_Moment><peci:Entry_Moment>20092018-T02:33:14</peci:Entry_Moment><peci:Worker_Status peci:isUpdated="1"><peci:Status peci:isAdded="1">Active</peci:Status><peci:Active peci:priorValue="0">1</peci:Active><peci:Active_Status_Date peci:isAdded="1">22082018</peci:Active_Status_Date><peci:Terminated>0</peci:Terminated><peci:Hire_Date peci:isAdded="1">22082018</peci:Hire_Date><peci:Original_Hire_Date peci:isAdded="1">22082018</peci:Original_Hire_Date><peci:Hire_Reason peci:isAdded="1">Hire_Employee_Hire</peci:Hire_Reason><peci:Continuous_Service_Date peci:isAdded="1">22082018</peci:Continuous_Service_Date><ptdf:Pay_Group xmlns:ptdf="urn:com.workday/peci/tdf" peci:isAdded="1">ARN_0G1_4W_T_GBR</ptdf:Pay_Group></peci:Worker_Status><peci:Personal peci:isUpdated="1"><peci:Legal_Name peci:isAdded="1"><peci:First_Name>Current</peci:First_Name><peci:Last_Name>Hire</peci:Last_Name></peci:Legal_Name><peci:Gender peci:isAdded="1">Male</peci:Gender><peci:Date_of_Birth peci:isAdded="1">22081979</peci:Date_of_Birth></peci:Personal><peci:Person_Identification peci:isAdded="1"><peci:National_Identifier><peci:National_ID>SG 31 31 55 C</peci:National_ID><peci:National_ID_Type>NI Number</peci:National_ID_Type></peci:National_Identifier><peci:Other_Identifier><peci:Custom_ID>18820</peci:Custom_ID><peci:Custom_ID_Type>UK_ARN_Arriva_Rail_North</peci:Custom_ID_Type></peci:Other_Identifier></peci:Person_Identification><peci:Position peci:isAdded="1"><peci:Position_ID>P-180305</peci:Position_ID><peci:Business_Title>Train Driver</peci:Business_Title><peci:Worker_Type>EMP1_Standard</peci:Worker_Type><peci:Position_Time_Type>Full_time</peci:Position_Time_Type><peci:Scheduled_Weekly_Hours>35</peci:Scheduled_Weekly_Hours><peci:Default_Weekly_Hours>35</peci:Default_Weekly_Hours><peci:Job_Family><peci:ID>Train Operations</peci:ID><peci:Name>Train Operations</peci:Name></peci:Job_Family><peci:Business_Site><peci:Location_ID>LOC_GBR_0571</peci:Location_ID><peci:Location_Name>Wigan Wallgate</peci:Location_Name><peci:Postal_Code>WN1 1BB</peci:Postal_Code></peci:Business_Site><peci:Organization><peci:Organization_ID>C_613</peci:Organization_ID><peci:Organization_Type>Company</peci:Organization_Type><peci:Organization_Code>C_613</peci:Organization_Code><peci:Organization_Name>Arriva Rail North Limited</peci:Organization_Name></peci:Organization><peci:Organization><peci:Organization_ID>CC_ 450005</peci:Organization_ID><peci:Organization_Type>Cost Center</peci:Organization_Type><peci:Organization_Code>450005</peci:Organization_Code><peci:Organization_Name>Harrogate</peci:Organization_Name></peci:Organization><peci:Organization><peci:Organization_ID>SUP_W2_277</peci:Organization_ID><peci:Organization_Type>Supervisory</peci:Organization_Type><peci:Organization_Name>ARN - Central - Head of Trains and Stations - Drivers - Wigan - Wigan</peci:Organization_Name></peci:Organization><ptdf:Step_Name_Ref_ID xmlns:ptdf="urn:com.workday/peci/tdf">Newly_Qualified_Driver_1st_Year_Ex_TPE_West_ARN</ptdf:Step_Name_Ref_ID><ptdf:Grade_Profile_ID xmlns:ptdf="urn:com.workday/peci/tdf">CGP_Drivers_West</ptdf:Grade_Profile_ID></peci:Position><peci:Compensation peci:isAdded="1"><peci:Position_ID>P-180305</peci:Position_ID><ptdf:Total_Base_Pay_Annual_with_FTE xmlns:ptdf="urn:com.workday/peci/tdf">46353.01</ptdf:Total_Base_Pay_Annual_with_FTE></peci:Compensation><peci:Compensation_Plans peci:isAdded="1"><peci:Position_ID>P-180305</peci:Position_ID><peci:Salary_and_Hourly_Plan><peci:Compensation_Plan>Salary_Plan</peci:Compensation_Plan><peci:Amount>46353</peci:Amount><peci:Frequency>Annual</peci:Frequency><peci:Start_Date>22082018</peci:Start_Date></peci:Salary_and_Hourly_Plan></peci:Compensation_Plans></peci:Effective_Change><peci:Effective_Change peci:Sequence="1"><peci:Derived_Event_Code>DTA</peci:Derived_Event_Code><peci:Effective_Moment>17092018-T00:00:00</peci:Effective_Moment><peci:Entry_Moment>17092018-T06:45:02</peci:Entry_Moment><peci:Person_Communication peci:isUpdated="1"><peci:Address peci:isAdded="1"><peci:Address_Line_1>1 current hire street</peci:Address_Line_1><peci:City>london</peci:City><peci:Postal_Code>GU11XD</peci:Postal_Code><peci:Country>GBR</peci:Country></peci:Address></peci:Person_Communication><peci:Person_Identification><peci:National_Identifier><peci:National_ID>SG 31 31 55 C</peci:National_ID><peci:National_ID_Type>NI Number</peci:National_ID_Type></peci:National_Identifier><peci:Other_Identifier><peci:Custom_ID>18820</peci:Custom_ID><peci:Custom_ID_Type>UK_ARN_Arriva_Rail_North</peci:Custom_ID_Type></peci:Other_Identifier></peci:Person_Identification><peci:Compensation><peci:Position_ID>P-180305</peci:Position_ID><ptdf:Total_Base_Pay_Annual_with_FTE xmlns:ptdf="urn:com.workday/peci/tdf">46353.01</ptdf:Total_Base_Pay_Annual_with_FTE></peci:Compensation></peci:Effective_Change><peci:Effective_Change peci:Sequence="2"><peci:Derived_Event_Code>DTA</peci:Derived_Event_Code><peci:Effective_Moment>17092018-T07:22:19</peci:Effective_Moment><peci:Entry_Moment>17092018-T07:22:19</peci:Entry_Moment><peci:Person_Identification><peci:National_Identifier><peci:National_ID>SG 31 31 55 C</peci:National_ID><peci:National_ID_Type>NI Number</peci:National_ID_Type></peci:National_Identifier><peci:Other_Identifier><peci:Custom_ID>18820</peci:Custom_ID><peci:Custom_ID_Type>UK_ARN_Arriva_Rail_North</peci:Custom_ID_Type></peci:Other_Identifier></peci:Person_Identification><peci:Compensation><peci:Position_ID>P-180305</peci:Position_ID><ptdf:Total_Base_Pay_Annual_with_FTE xmlns:ptdf="urn:com.workday/peci/tdf">46353.01</ptdf:Total_Base_Pay_Annual_with_FTE></peci:Compensation><peci:Payment_Election peci:isAdded="1"><peci:Account_Number>00000000</peci:Account_Number><peci:Account_Type>DDA</peci:Account_Type><peci:Bank_Name>Natwest</peci:Bank_Name><peci:Bank_ID>606080</peci:Bank_ID></peci:Payment_Election></peci:Effective_Change></peci:Worker><peci:Worker><peci:Worker_Summary><peci:WID>94a24a0a7beb01201d56a9100e055b06</peci:WID><peci:Employee_ID>177383</peci:Employee_ID><peci:Name>Future Hire</peci:Name></peci:Worker_Summary><peci:Effective_Change peci:Sequence="0"><peci:Derived_Event_Code>HIR</peci:Derived_Event_Code><peci:Effective_Moment>18092018-T00:00:00</peci:Effective_Moment><peci:Entry_Moment>20092018-T02:37:40</peci:Entry_Moment><peci:Worker_Status peci:isUpdated="1"><peci:Status peci:isAdded="1">Active</peci:Status><peci:Active peci:priorValue="0">1</peci:Active><peci:Active_Status_Date peci:isAdded="1">18092018</peci:Active_Status_Date><peci:Terminated>0</peci:Terminated><peci:Hire_Date peci:isAdded="1">18092018</peci:Hire_Date><peci:Original_Hire_Date peci:isAdded="1">18092018</peci:Original_Hire_Date><peci:Hire_Reason peci:isAdded="1">Hire_Employee_Hire</peci:Hire_Reason><peci:Continuous_Service_Date peci:isAdded="1">18092018</peci:Continuous_Service_Date><ptdf:Pay_Group xmlns:ptdf="urn:com.workday/peci/tdf" peci:isAdded="1">ARN_0G1_4W_T_GBR</ptdf:Pay_Group></peci:Worker_Status><peci:Personal peci:isUpdated="1"><peci:Legal_Name peci:isAdded="1"><peci:First_Name>Future</peci:First_Name><peci:Last_Name>Hire</peci:Last_Name></peci:Legal_Name><peci:Gender peci:isAdded="1">Male</peci:Gender><peci:Date_of_Birth peci:isAdded="1">18091980</peci:Date_of_Birth></peci:Personal><peci:Person_Communication peci:isUpdated="1"><peci:Address peci:isAdded="1"><peci:Address_Line_1>1 future street</peci:Address_Line_1><peci:City>london</peci:City><peci:Postal_Code>GU11XD</peci:Postal_Code><peci:Country>GBR</peci:Country></peci:Address></peci:Person_Communication><peci:Person_Identification peci:isAdded="1"><peci:National_Identifier><peci:National_ID>SG 44 55 89 C</peci:National_ID><peci:National_ID_Type>NI Number</peci:National_ID_Type></peci:National_Identifier><peci:Other_Identifier><peci:Custom_ID>18821</peci:Custom_ID><peci:Custom_ID_Type>UK_ARN_Arriva_Rail_North</peci:Custom_ID_Type></peci:Other_Identifier></peci:Person_Identification><peci:Position peci:isAdded="1"><peci:Position_ID>P-180307</peci:Position_ID><peci:Business_Title>Train Driver</peci:Business_Title><peci:Worker_Type>EMP1_Standard</peci:Worker_Type><peci:Position_Time_Type>Full_time</peci:Position_Time_Type><peci:Scheduled_Weekly_Hours>35</peci:Scheduled_Weekly_Hours><peci:Default_Weekly_Hours>35</peci:Default_Weekly_Hours><peci:Job_Family><peci:ID>Train Operations</peci:ID><peci:Name>Train Operations</peci:Name></peci:Job_Family><peci:Business_Site><peci:Location_ID>LOC_GBR_0571</peci:Location_ID><peci:Location_Name>Wigan Wallgate</peci:Location_Name><peci:Postal_Code>WN1 1BB</peci:Postal_Code></peci:Business_Site><peci:Organization><peci:Organization_ID>C_613</peci:Organization_ID><peci:Organization_Type>Company</peci:Organization_Type><peci:Organization_Code>C_613</peci:Organization_Code><peci:Organization_Name>Arriva Rail North Limited</peci:Organization_Name></peci:Organization><peci:Organization><peci:Organization_ID>CC_ 450005</peci:Organization_ID><peci:Organization_Type>Cost Center</peci:Organization_Type><peci:Organization_Code>450005</peci:Organization_Code><peci:Organization_Name>Harrogate</peci:Organization_Name></peci:Organization><peci:Organization><peci:Organization_ID>SUP_W2_277</peci:Organization_ID><peci:Organization_Type>Supervisory</peci:Organization_Type><peci:Organization_Name>ARN - Central - Head of Trains and Stations - Drivers - Wigan - Wigan</peci:Organization_Name></peci:Organization><ptdf:Step_Name_Ref_ID xmlns:ptdf="urn:com.workday/peci/tdf">1st_Year_Driver_West_ARN</ptdf:Step_Name_Ref_ID><ptdf:Grade_Profile_ID xmlns:ptdf="urn:com.workday/peci/tdf">CGP_Drivers_West</ptdf:Grade_Profile_ID></peci:Position><peci:Compensation peci:isAdded="1"><peci:Position_ID>P-180307</peci:Position_ID><ptdf:Total_Base_Pay_Annual_with_FTE xmlns:ptdf="urn:com.workday/peci/tdf">38105.01</ptdf:Total_Base_Pay_Annual_with_FTE></peci:Compensation><peci:Compensation_Plans peci:isAdded="1"><peci:Position_ID>P-180307</peci:Position_ID><peci:Salary_and_Hourly_Plan><peci:Compensation_Plan>Salary_Plan</peci:Compensation_Plan><peci:Amount>38105</peci:Amount><peci:Frequency>Annual</peci:Frequency><peci:Start_Date>18092018</peci:Start_Date></peci:Salary_and_Hourly_Plan></peci:Compensation_Plans><peci:Payment_Election peci:isAdded="1"><peci:Account_Number>00000000</peci:Account_Number><peci:Account_Type>DDA</peci:Account_Type><peci:Bank_Name>Lloyds</peci:Bank_Name><peci:Bank_ID>606008</peci:Bank_ID></peci:Payment_Election></peci:Effective_Change></peci:Worker><peci:Worker><peci:Worker_Summary><peci:WID>94a24a0a7beb019f99a872d30e05c206</peci:WID><peci:Employee_ID>177384</peci:Employee_ID><peci:Name>Early Hire</peci:Name></peci:Worker_Summary><peci:Effective_Change peci:Sequence="0"><peci:Derived_Event_Code>HIR</peci:Derived_Event_Code><peci:Effective_Moment>01082018-T00:00:00</peci:Effective_Moment><peci:Entry_Moment>20092018-T02:38:26</peci:Entry_Moment><peci:Worker_Status peci:isUpdated="1"><peci:Status peci:isAdded="1">Active</peci:Status><peci:Active peci:priorValue="0">1</peci:Active><peci:Active_Status_Date peci:isAdded="1">01082018</peci:Active_Status_Date><peci:Terminated>0</peci:Terminated><peci:Hire_Date peci:isAdded="1">01082018</peci:Hire_Date><peci:Original_Hire_Date peci:isAdded="1">01082018</peci:Original_Hire_Date><peci:Hire_Reason peci:isAdded="1">Hire_Employee_Hire</peci:Hire_Reason><peci:Continuous_Service_Date peci:isAdded="1">01082018</peci:Continuous_Service_Date><ptdf:Pay_Group xmlns:ptdf="urn:com.workday/peci/tdf" peci:isAdded="1">ARN_0G1_4W_T_GBR</ptdf:Pay_Group></peci:Worker_Status><peci:Personal peci:isUpdated="1"><peci:Legal_Name peci:isAdded="1"><peci:First_Name>Early</peci:First_Name><peci:Last_Name>Hire</peci:Last_Name></peci:Legal_Name><peci:Gender peci:isAdded="1">Female</peci:Gender><peci:Date_of_Birth peci:isAdded="1">01081981</peci:Date_of_Birth></peci:Personal><peci:Person_Identification peci:isAdded="1"><peci:National_Identifier><peci:National_ID>SG 44 55 66 D</peci:National_ID><peci:National_ID_Type>NI Number</peci:National_ID_Type></peci:National_Identifier><peci:Other_Identifier><peci:Custom_ID>18822</peci:Custom_ID><peci:Custom_ID_Type>UK_ARN_Arriva_Rail_North</peci:Custom_ID_Type></peci:Other_Identifier></peci:Person_Identification><peci:Position peci:isAdded="1"><peci:Position_ID>P-180306</peci:Position_ID><peci:Business_Title>Train Driver</peci:Business_Title><peci:Worker_Type>EMP1_Standard</peci:Worker_Type><peci:Position_Time_Type>Full_time</peci:Position_Time_Type><peci:Scheduled_Weekly_Hours>35</peci:Scheduled_Weekly_Hours><peci:Default_Weekly_Hours>35</peci:Default_Weekly_Hours><peci:Job_Family><peci:ID>Train Operations</peci:ID><peci:Name>Train Operations</peci:Name></peci:Job_Family><peci:Business_Site><peci:Location_ID>LOC_GBR_0571</peci:Location_ID><peci:Location_Name>Wigan Wallgate</peci:Location_Name><peci:Postal_Code>WN1 1BB</peci:Postal_Code></peci:Business_Site><peci:Organization><peci:Organization_ID>C_613</peci:Organization_ID><peci:Organization_Type>Company</peci:Organization_Type><peci:Organization_Code>C_613</peci:Organization_Code><peci:Organization_Name>Arriva Rail North Limited</peci:Organization_Name></peci:Organization><peci:Organization><peci:Organization_ID>CC_ 450005</peci:Organization_ID><peci:Organization_Type>Cost Center</peci:Organization_Type><peci:Organization_Code>450005</peci:Organization_Code><peci:Organization_Name>Harrogate</peci:Organization_Name></peci:Organization><peci:Organization><peci:Organization_ID>SUP_W2_277</peci:Organization_ID><peci:Organization_Type>Supervisory</peci:Organization_Type><peci:Organization_Name>ARN - Central - Head of Trains and Stations - Drivers - Wigan - Wigan</peci:Organization_Name></peci:Organization><ptdf:Step_Name_Ref_ID xmlns:ptdf="urn:com.workday/peci/tdf">2nd_Year_Driver_West_ARN</ptdf:Step_Name_Ref_ID><ptdf:Grade_Profile_ID xmlns:ptdf="urn:com.workday/peci/tdf">CGP_Drivers_West</ptdf:Grade_Profile_ID></peci:Position><peci:Compensation peci:isAdded="1"><peci:Position_ID>P-180306</peci:Position_ID><ptdf:Total_Base_Pay_Annual_with_FTE xmlns:ptdf="urn:com.workday/peci/tdf">41851</ptdf:Total_Base_Pay_Annual_with_FTE></peci:Compensation><peci:Compensation_Plans peci:isAdded="1"><peci:Position_ID>P-180306</peci:Position_ID><peci:Salary_and_Hourly_Plan><peci:Compensation_Plan>Salary_Plan</peci:Compensation_Plan><peci:Amount>41851</peci:Amount><peci:Frequency>Annual</peci:Frequency><peci:Start_Date>01082018</peci:Start_Date></peci:Salary_and_Hourly_Plan></peci:Compensation_Plans></peci:Effective_Change><peci:Effective_Change peci:Sequence="1"><peci:Derived_Event_Code>DTA</peci:Derived_Event_Code><peci:Effective_Moment>17092018-T00:00:00</peci:Effective_Moment><peci:Entry_Moment>17092018-T07:18:09</peci:Entry_Moment><peci:Person_Communication peci:isUpdated="1"><peci:Address peci:isAdded="1"><peci:Address_Line_1>1 early street</peci:Address_Line_1><peci:City>london</peci:City><peci:Postal_Code>GU11XD</peci:Postal_Code><peci:Country>GBR</peci:Country></peci:Address></peci:Person_Communication><peci:Person_Identification><peci:National_Identifier><peci:National_ID>SG 44 55 66 D</peci:National_ID><peci:National_ID_Type>NI Number</peci:National_ID_Type></peci:National_Identifier><peci:Other_Identifier><peci:Custom_ID>18822</peci:Custom_ID><peci:Custom_ID_Type>UK_ARN_Arriva_Rail_North</peci:Custom_ID_Type></peci:Other_Identifier></peci:Person_Identification><peci:Compensation><peci:Position_ID>P-180306</peci:Position_ID><ptdf:Total_Base_Pay_Annual_with_FTE xmlns:ptdf="urn:com.workday/peci/tdf">41851</ptdf:Total_Base_Pay_Annual_with_FTE></peci:Compensation></peci:Effective_Change><peci:Effective_Change peci:Sequence="2"><peci:Derived_Event_Code>DTA</peci:Derived_Event_Code><peci:Effective_Moment>17092018-T07:21:14</peci:Effective_Moment><peci:Entry_Moment>17092018-T07:21:14</peci:Entry_Moment><peci:Person_Identification><peci:National_Identifier><peci:National_ID>SG 44 55 66 D</peci:National_ID><peci:National_ID_Type>NI Number</peci:National_ID_Type></peci:National_Identifier><peci:Other_Identifier><peci:Custom_ID>18822</peci:Custom_ID><peci:Custom_ID_Type>UK_ARN_Arriva_Rail_North</peci:Custom_ID_Type></peci:Other_Identifier></peci:Person_Identification><peci:Compensation><peci:Position_ID>P-180306</peci:Position_ID><ptdf:Total_Base_Pay_Annual_with_FTE xmlns:ptdf="urn:com.workday/peci/tdf">41851</ptdf:Total_Base_Pay_Annual_with_FTE></peci:Compensation><peci:Payment_Election peci:isAdded="1"><peci:Account_Number>00000000</peci:Account_Number><peci:Account_Type>DDA</peci:Account_Type><peci:Bank_Name>HSBC</peci:Bank_Name><peci:Bank_ID>606060</peci:Bank_ID></peci:Payment_Election></peci:Effective_Change></peci:Worker></peci:Workers_Effective_Stack>